<?xml version="1.0" encoding="UTF-8"?>
<!-- Generated by org.testng.reporters.JUnitReportReporter -->
<testsuite hostname="Dell-XPS13" name="Tests.HomePageTest" tests="2" failures="0" timestamp="6 Aug 2020 16:24:30 GMT" time="36.099" errors="0">
  <testcase name="LocateVideoContentAndClick" time="15.614" classname="Tests.HomePageTest"/>
  <testcase name="PlayLocatedVideoContent" time="20.485" classname="Tests.HomePageTest"/>
</testsuite> <!-- Tests.HomePageTest -->
